2022.07.16 23:43:44 INFO  tracing is disabled for protocol LSP, to enable tracing of incoming and outgoing JSON messages create an empty file at e:\scala tute3\.metals\lsp.trace.json or C:\Users\acer\AppData\Local\scalameta\metals\cache\lsp.trace.json
2022.07.16 23:43:53 INFO  logging to file E:\scala tute3\.metals\metals.log
2022.07.16 23:43:53 INFO  Started: Metals version 0.11.7 in workspace 'E:\scala tute3' for client Visual Studio Code 1.69.0.
2022.07.16 23:44:01 INFO  time: initialize in 7.71s
2022.07.16 23:44:03 WARN  Flyway upgrade recommended: H2 2.1.214 is newer than this version of Flyway and support has not been tested. The latest supported version of H2 is 2.1.210.
2022.07.16 23:44:05 WARN  Build server is not auto-connectable.
2022.07.16 23:44:05 WARN  no build tool detected in workspace 'E:\scala tute3'. The most common cause for this problem is that the editor was opened in the wrong working directory, for example if you use sbt then the workspace directory should contain build.sbt. 
2022.07.16 23:44:07 WARN  no build target for: E:\scala tute3\q1.scala
2022.07.16 23:44:28 INFO  no build target found for E:\scala tute3\q1.scala. Using presentation compiler with project's scala-library version: 3.1.3
2022.07.16 23:44:51 INFO  time: code lens generation in 30s
2022.07.16 23:45:12 INFO  shutting down Metals
2022.07.16 23:47:03 INFO  tracing is disabled for protocol LSP, to enable tracing of incoming and outgoing JSON messages create an empty file at e:\scala tute3\.metals\lsp.trace.json or C:\Users\acer\AppData\Local\scalameta\metals\cache\lsp.trace.json
2022.07.16 23:47:07 INFO  logging to file E:\scala tute3\.metals\metals.log
2022.07.16 23:47:07 INFO  Started: Metals version 0.11.7 in workspace 'E:\scala tute3' for client Visual Studio Code 1.69.0.
2022.07.16 23:47:24 INFO  time: initialize in 17s
2022.07.16 23:47:26 WARN  Flyway upgrade recommended: H2 2.1.214 is newer than this version of Flyway and support has not been tested. The latest supported version of H2 is 2.1.210.
2022.07.16 23:47:27 WARN  Build server is not auto-connectable.
2022.07.16 23:47:27 WARN  no build tool detected in workspace 'E:\scala tute3'. The most common cause for this problem is that the editor was opened in the wrong working directory, for example if you use sbt then the workspace directory should contain build.sbt. 
2022.07.16 23:47:29 WARN  no build target for: E:\scala tute3\q1.scala
Jul 16, 2022 11:47:30 PM org.eclipse.lsp4j.jsonrpc.RemoteEndpoint handleCancellation
WARNING: Unmatched cancel notification for request id 1
Jul 16, 2022 11:47:30 PM org.eclipse.lsp4j.jsonrpc.RemoteEndpoint handleCancellation
WARNING: Unmatched cancel notification for request id 5
Jul 16, 2022 11:47:30 PM org.eclipse.lsp4j.jsonrpc.RemoteEndpoint handleCancellation
WARNING: Unmatched cancel notification for request id 4
2022.07.16 23:47:32 INFO  no build target found for E:\scala tute3\q1.scala. Using presentation compiler with project's scala-library version: 3.1.3
2022.07.16 23:47:34 INFO  time: code lens generation in 1.67s
2022.07.16 23:47:34 INFO  time: code lens generation in 4.28s
2022.07.16 23:47:34 INFO  time: code lens generation in 1.68s
2022.07.16 23:49:04 WARN  no build target for: E:\scala tute3\q1.scala
2022.07.16 23:49:07 WARN  no build target for: E:\scala tute3\q1.scala
2022.07.16 23:52:37 WARN  no build target for: E:\scala tute3\q1.scala
2022.07.16 23:53:05 WARN  no build target for: E:\scala tute3\q1.scala
2022.07.16 23:53:55 WARN  no build target for: E:\scala tute3\q1.scala
2022.07.16 23:53:58 WARN  no build target for: E:\scala tute3\q1.scala
2022.07.16 23:57:18 WARN  no build target for: E:\scala tute3\q2.scala
2022.07.17 00:02:08 WARN  no build target for: E:\scala tute3\q2.scala
2022.07.17 00:06:33 WARN  no build target for: E:\scala tute3\q2.scala
Jul 17, 2022 12:06:46 AM org.eclipse.lsp4j.jsonrpc.RemoteEndpoint handleCancellation
WARNING: Unmatched cancel notification for request id 673
2022.07.17 00:09:17 WARN  no build target for: E:\scala tute3\q2.scala
2022.07.17 00:09:35 WARN  no build target for: E:\scala tute3\q2.scala
2022.07.17 00:10:29 WARN  no build target for: E:\scala tute3\q2.scala
2022.07.17 00:11:19 WARN  no build target for: E:\scala tute3\q3.scala
2022.07.17 00:14:14 WARN  no build target for: E:\scala tute3\q3.scala
Jul 17, 2022 12:14:15 AM org.eclipse.lsp4j.jsonrpc.RemoteEndpoint handleCancellation
WARNING: Unmatched cancel notification for request id 1145
2022.07.17 00:14:52 WARN  no build target for: E:\scala tute3\q3.scala
Jul 17, 2022 12:15:43 AM org.eclipse.lsp4j.jsonrpc.RemoteEndpoint handleCancellation
WARNING: Unmatched cancel notification for request id 1267
2022.07.17 00:16:12 WARN  no build target for: E:\scala tute3\q3.scala
2022.07.17 00:21:57 WARN  no build target for: E:\scala tute3\q3.scala
2022.07.17 00:21:59 INFO  shutting down Metals
2022.07.17 09:55:13 INFO  tracing is disabled for protocol LSP, to enable tracing of incoming and outgoing JSON messages create an empty file at e:\scala tute3\.metals\lsp.trace.json or C:\Users\acer\AppData\Local\scalameta\metals\cache\lsp.trace.json
2022.07.17 09:55:18 INFO  logging to file E:\scala tute3\.metals\metals.log
2022.07.17 09:55:18 INFO  Started: Metals version 0.11.7 in workspace 'E:\scala tute3' for client Visual Studio Code 1.69.0.
2022.07.17 09:55:20 INFO  time: initialize in 2.59s
2022.07.17 09:55:23 WARN  Flyway upgrade recommended: H2 2.1.214 is newer than this version of Flyway and support has not been tested. The latest supported version of H2 is 2.1.210.
2022.07.17 09:55:23 WARN  Build server is not auto-connectable.
2022.07.17 09:55:23 WARN  no build tool detected in workspace 'E:\scala tute3'. The most common cause for this problem is that the editor was opened in the wrong working directory, for example if you use sbt then the workspace directory should contain build.sbt. 
2022.07.17 09:55:25 WARN  no build target for: E:\scala tute3\q1.scala
2022.07.17 09:55:25 WARN  no build target for: E:\scala tute3\q2.scala
2022.07.17 09:55:25 WARN  no build target for: E:\scala tute3\q3.scala
2022.07.17 09:55:37 INFO  no build target found for E:\scala tute3\q2.scala. Using presentation compiler with project's scala-library version: 3.1.3
2022.07.17 09:55:52 INFO  time: code lens generation in 25s
2022.07.17 11:00:10 WARN  no build target for: E:\scala tute3\q4.scala
Jul 17, 2022 11:00:13 AM org.eclipse.lsp4j.jsonrpc.RemoteEndpoint handleCancellation
WARNING: Unmatched cancel notification for request id 9
Jul 17, 2022 11:00:13 AM org.eclipse.lsp4j.jsonrpc.RemoteEndpoint handleCancellation
WARNING: Unmatched cancel notification for request id 8
Jul 17, 2022 11:00:13 AM org.eclipse.lsp4j.jsonrpc.RemoteEndpoint handleCancellation
WARNING: Unmatched cancel notification for request id 12
Jul 17, 2022 11:01:33 AM org.eclipse.lsp4j.jsonrpc.RemoteEndpoint handleCancellation
WARNING: Unmatched cancel notification for request id 158
2022.07.17 11:16:11 WARN  no build target for: E:\scala tute3\q4.scala
2022.07.17 11:16:22 WARN  no build target for: E:\scala tute3\q5.scala
2022.07.17 11:21:46 WARN  no build target for: E:\scala tute3\q5.scala
2022.07.17 11:26:04 WARN  no build target for: E:\scala tute3\q1.scala
2022.07.17 11:27:40 WARN  no build target for: E:\scala tute3\q1.scala
2022.07.17 11:27:43 INFO  shutting down Metals
2022.07.17 16:00:01 INFO  tracing is disabled for protocol LSP, to enable tracing of incoming and outgoing JSON messages create an empty file at e:\scala tute3\.metals\lsp.trace.json or C:\Users\acer\AppData\Local\scalameta\metals\cache\lsp.trace.json
2022.07.17 16:00:05 INFO  logging to file E:\scala tute3\.metals\metals.log
2022.07.17 16:00:05 INFO  Started: Metals version 0.11.7 in workspace 'E:\scala tute3' for client Visual Studio Code 1.69.1.
2022.07.17 16:00:06 INFO  time: initialize in 1.46s
2022.07.17 16:00:07 WARN  Flyway upgrade recommended: H2 2.1.214 is newer than this version of Flyway and support has not been tested. The latest supported version of H2 is 2.1.210.
2022.07.17 16:00:08 WARN  Build server is not auto-connectable.
2022.07.17 16:00:08 WARN  no build tool detected in workspace 'E:\scala tute3'. The most common cause for this problem is that the editor was opened in the wrong working directory, for example if you use sbt then the workspace directory should contain build.sbt. 
2022.07.17 16:00:08 WARN  no build target for: E:\scala tute3\q1.scala
2022.07.17 16:00:21 INFO  no build target found for E:\scala tute3\q1.scala. Using presentation compiler with project's scala-library version: 3.1.3
2022.07.17 16:00:30 INFO  time: code lens generation in 21s
2022.07.17 16:01:25 WARN  no build target for: E:\scala tute3\q4.scala
2022.07.17 16:04:34 WARN  no build target for: E:\scala tute3\q4.scala
2022.07.17 16:05:06 WARN  no build target for: E:\scala tute3\q3.scala
2022.07.17 16:05:23 WARN  no build target for: E:\scala tute3\q4.scala
2022.07.17 16:05:47 WARN  no build target for: E:\scala tute3\q4.scala
2022.07.17 16:06:08 WARN  no build target for: E:\scala tute3\q2.scala
2022.07.17 16:07:28 WARN  no build target for: E:\scala tute3\q3.scala
2022.07.17 16:08:40 WARN  no build target for: E:\scala tute3\q1.scala
2022.07.17 16:09:02 WARN  no build target for: E:\scala tute3\q1.scala
2022.07.17 16:09:07 WARN  no build target for: E:\scala tute3\q5.scala
2022.07.17 16:22:00 WARN  no build target for: E:\scala tute3\q5.scala
2022.07.17 16:22:33 INFO  shutting down Metals
